Using pre-set license
Built from '2020.2/staging' branch; Version is '2020.2.7f1 (c53830e277f1) revision 12924976'; Using compiler version '192528614'; Build Type 'Release'
OS: 'Windows 10 Home; OS build 19042.804; Version 2009; 64bit' Language: 'en' Physical Memory: 16234 MB
BatchMode: 1, IsHumanControllingUs: 0, StartBugReporterOnCrash: 0, Is64bit: 1, IsPro: 0

 COMMAND LINE ARGUMENTS:
C:\Program Files\Unity\Hub\Editor\2020.2.7f1\Editor\Unity.exe
-adb2
-batchMode
-noUpm
-name
AssetImportWorker0
-projectPath
C:/Users/rafae/Documents/GitHub/Unity-07Scripting-08Arquitecture-01FunctionalSystems-02DesignProgrammingPatterns-Exercise03
-logFile
Logs/AssetImportWorker0.log
-srvPort
50322
Successfully changed project path to: C:/Users/rafae/Documents/GitHub/Unity-07Scripting-08Arquitecture-01FunctionalSystems-02DesignProgrammingPatterns-Exercise03
C:/Users/rafae/Documents/GitHub/Unity-07Scripting-08Arquitecture-01FunctionalSystems-02DesignProgrammingPatterns-Exercise03
Using Asset Import Pipeline V2.
Refreshing native plugins compatible for Editor in 15.45 ms, found 0 plugins.
Preloading 0 native plugins for Editor in 0.00 ms.
Initialize engine version: 2020.2.7f1 (c53830e277f1)
[Subsystems] Discovering subsystems at path C:/Program Files/Unity/Hub/Editor/2020.2.7f1/Editor/Data/Resources/UnitySubsystems
[Subsystems] Discovering subsystems at path C:/Users/rafae/Documents/GitHub/Unity-07Scripting-08Arquitecture-01FunctionalSystems-02DesignProgrammingPatterns-Exercise03/Assets
GfxDevice: creating device client; threaded=0
Direct3D:
    Version:  Direct3D 11.0 [level 11.1]
    Renderer: NVIDIA GeForce RTX 2060 (ID=0x1f11)
    Vendor:   
    VRAM:     5980 MB
    Driver:   27.21.14.6172
Initialize mono
Mono path[0] = 'C:/Program Files/Unity/Hub/Editor/2020.2.7f1/Editor/Data/Managed'
Mono path[1] = 'C:/Program Files/Unity/Hub/Editor/2020.2.7f1/Editor/Data/MonoBleedingEdge/lib/mono/unityjit'
Mono config path = 'C:/Program Files/Unity/Hub/Editor/2020.2.7f1/Editor/Data/MonoBleedingEdge/etc'
Using monoOptions --debugger-agent=transport=dt_socket,embedding=1,server=y,suspend=n,address=127.0.0.1:56976
Begin MonoManager ReloadAssembly
Registering precompiled unity dll's ...
Register platform support module: C:/Program Files/Unity/Hub/Editor/2020.2.7f1/Editor/Data/PlaybackEngines/WebGLSupport/UnityEditor.WebGL.Extensions.dll
Register platform support module: C:/Program Files/Unity/Hub/Editor/2020.2.7f1/Editor/Data/PlaybackEngines/MacStandaloneSupport/UnityEditor.OSXStandalone.Extensions.dll
Register platform support module: C:/Program Files/Unity/Hub/Editor/2020.2.7f1/Editor/Data/PlaybackEngines/WindowsStandaloneSupport/UnityEditor.WindowsStandalone.Extensions.dll
Register platform support module: C:/Program Files/Unity/Hub/Editor/2020.2.7f1/Editor/Data/PlaybackEngines/LinuxStandaloneSupport/UnityEditor.LinuxStandalone.Extensions.dll
Register platform support module: C:/Program Files/Unity/Hub/Editor/2020.2.7f1/Editor/Data/PlaybackEngines/LuminSupport/UnityEditor.Lumin.Extensions.dll
Registered in 0.002489 seconds.
Native extension for Lumin target not found
Native extension for LinuxStandalone target not found
Native extension for WindowsStandalone target not found
Native extension for OSXStandalone target not found
Native extension for WebGL target not found
Refreshing native plugins compatible for Editor in 21.57 ms, found 0 plugins.
Preloading 0 native plugins for Editor in 0.00 ms.
Invoked RoslynAnalysisRunner static constructor.
RoslynAnalysisRunner will not be running.
RoslynAnalysisRunner has terminated.
Mono: successfully reloaded assembly
- Completed reload, in  1.411 seconds
Platform modules already initialized, skipping
Registering precompiled user dll's ...
Registered in 0.000523 seconds.
Begin MonoManager ReloadAssembly
Native extension for Lumin target not found
Native extension for LinuxStandalone target not found
Native extension for WindowsStandalone target not found
Native extension for OSXStandalone target not found
Native extension for WebGL target not found
Refreshing native plugins compatible for Editor in 0.13 ms, found 0 plugins.
Preloading 0 native plugins for Editor in 0.00 ms.
Invoked RoslynAnalysisRunner static constructor.
RoslynAnalysisRunner will not be running.
RoslynAnalysisRunner has terminated.
Mono: successfully reloaded assembly
- Completed reload, in  0.796 seconds
Platform modules already initialized, skipping
========================================================================
Worker process is ready to serve import requests
Launched and connected shader compiler UnityShaderCompiler.exe after 0.04 seconds
Refreshing native plugins compatible for Editor in 0.31 ms, found 0 plugins.
Preloading 0 native plugins for Editor in 0.00 ms.
Unloading 709 Unused Serialized files (Serialized files now loaded: 0)
System memory in use before: 45.6 MB.
System memory in use after: 45.6 MB.

Unloading 8 unused Assets to reduce memory usage. Loaded Objects now: 1152.
Total: 1.698800 ms (FindLiveObjects: 0.088200 ms CreateObjectMapping: 0.021200 ms MarkObjects: 1.542100 ms  DeleteObjects: 0.046400 ms)

========================================================================
Received Import Request.
  path: Assets/Scripts/StatePattern
  artifactKey: Guid(435703f45fa4cf047a21c7b47d071d6e) Importer(815301076,1909f56bfc062723c751e8b465ee728b)
Start importing Assets/Scripts/StatePattern using Guid(435703f45fa4cf047a21c7b47d071d6e) Importer(815301076,1909f56bfc062723c751e8b465ee728b)  -> (artifact id: '5fa4650e24630b01b9b70657c54b02a9') in 0.008887 seconds
  Import took 0.010379 seconds .

========================================================================
Received Import Request.
  Time since last request: 15.986303 seconds.
  path: Assets/Scripts/StatePattern/Interfaces
  artifactKey: Guid(3007b8dd3490c6c44b4a570086db7dd6) Importer(815301076,1909f56bfc062723c751e8b465ee728b)
Start importing Assets/Scripts/StatePattern/Interfaces using Guid(3007b8dd3490c6c44b4a570086db7dd6) Importer(815301076,1909f56bfc062723c751e8b465ee728b)  -> (artifact id: '305f2468c4085e063e091d965acb1c56') in 0.005719 seconds
  Import took 0.007126 seconds .

========================================================================
Received Import Request.
  Time since last request: 7.616070 seconds.
  path: Assets/Scripts/StatePattern/Interfaces/IState.cs
  artifactKey: Guid(cc65a1a180e48d942be247325a48b1fd) Importer(815301076,1909f56bfc062723c751e8b465ee728b)
Start importing Assets/Scripts/StatePattern/Interfaces/IState.cs using Guid(cc65a1a180e48d942be247325a48b1fd) Importer(815301076,1909f56bfc062723c751e8b465ee728b)  -> (artifact id: 'b76a71e6c1117af61227e538c32babf9') in 0.024784 seconds
  Import took 0.025938 seconds .

========================================================================
Received Prepare
Registering precompiled user dll's ...
Registered in 0.000399 seconds.
Begin MonoManager ReloadAssembly
Native extension for Lumin target not found
Native extension for LinuxStandalone target not found
Native extension for WindowsStandalone target not found
Native extension for OSXStandalone target not found
Native extension for WebGL target not found
Refreshing native plugins compatible for Editor in 0.13 ms, found 0 plugins.
Preloading 0 native plugins for Editor in 0.00 ms.
Invoked RoslynAnalysisRunner static constructor.
RoslynAnalysisRunner will not be running.
RoslynAnalysisRunner has terminated.
Mono: successfully reloaded assembly
- Completed reload, in  0.626 seconds
Platform modules already initialized, skipping
Refreshing native plugins compatible for Editor in 0.13 ms, found 0 plugins.
Preloading 0 native plugins for Editor in 0.00 ms.
Unloading 703 Unused Serialized files (Serialized files now loaded: 0)
System memory in use before: 45.4 MB.
System memory in use after: 45.4 MB.

Unloading 4 unused Assets to reduce memory usage. Loaded Objects now: 1156.
Total: 1.261800 ms (FindLiveObjects: 0.103200 ms CreateObjectMapping: 0.019700 ms MarkObjects: 1.123500 ms  DeleteObjects: 0.014500 ms)

========================================================================
Received Prepare
Registering precompiled user dll's ...
Registered in 0.000437 seconds.
Begin MonoManager ReloadAssembly
Native extension for Lumin target not found
Native extension for LinuxStandalone target not found
Native extension for WindowsStandalone target not found
Native extension for OSXStandalone target not found
Native extension for WebGL target not found
Refreshing native plugins compatible for Editor in 0.16 ms, found 0 plugins.
Preloading 0 native plugins for Editor in 0.00 ms.
Invoked RoslynAnalysisRunner static constructor.
RoslynAnalysisRunner will not be running.
RoslynAnalysisRunner has terminated.
Mono: successfully reloaded assembly
- Completed reload, in  0.670 seconds
Platform modules already initialized, skipping
Refreshing native plugins compatible for Editor in 0.22 ms, found 0 plugins.
Preloading 0 native plugins for Editor in 0.00 ms.
Unloading 703 Unused Serialized files (Serialized files now loaded: 0)
System memory in use before: 45.4 MB.
System memory in use after: 45.4 MB.

Unloading 4 unused Assets to reduce memory usage. Loaded Objects now: 1159.
Total: 2.161700 ms (FindLiveObjects: 0.154900 ms CreateObjectMapping: 0.072600 ms MarkObjects: 1.917300 ms  DeleteObjects: 0.014600 ms)

========================================================================
Received Import Request.
  Time since last request: 1486.511012 seconds.
  path: Assets/Scripts/StatePattern/Interfaces/IState.cs
  artifactKey: Guid(cc65a1a180e48d942be247325a48b1fd) Importer(815301076,1909f56bfc062723c751e8b465ee728b)
Start importing Assets/Scripts/StatePattern/Interfaces/IState.cs using Guid(cc65a1a180e48d942be247325a48b1fd) Importer(815301076,1909f56bfc062723c751e8b465ee728b)  -> (artifact id: '9981886c17711c4ec9f5c9eb94b74bfb') in 0.004523 seconds
  Import took 0.005829 seconds .

========================================================================
Received Prepare
Registering precompiled user dll's ...
Registered in 0.000396 seconds.
Begin MonoManager ReloadAssembly
Native extension for Lumin target not found
Native extension for LinuxStandalone target not found
Native extension for WindowsStandalone target not found
Native extension for OSXStandalone target not found
Native extension for WebGL target not found
Refreshing native plugins compatible for Editor in 0.13 ms, found 0 plugins.
Preloading 0 native plugins for Editor in 0.00 ms.
Invoked RoslynAnalysisRunner static constructor.
RoslynAnalysisRunner will not be running.
RoslynAnalysisRunner has terminated.
Mono: successfully reloaded assembly
- Completed reload, in  0.635 seconds
Platform modules already initialized, skipping
Refreshing native plugins compatible for Editor in 0.13 ms, found 0 plugins.
Preloading 0 native plugins for Editor in 0.00 ms.
Unloading 704 Unused Serialized files (Serialized files now loaded: 0)
System memory in use before: 45.4 MB.
System memory in use after: 45.4 MB.

Unloading 4 unused Assets to reduce memory usage. Loaded Objects now: 1163.
Total: 1.355800 ms (FindLiveObjects: 0.080800 ms CreateObjectMapping: 0.018500 ms MarkObjects: 1.243900 ms  DeleteObjects: 0.011500 ms)

========================================================================
Received Import Request.
  Time since last request: 317.956354 seconds.
  path: Assets/Scripts/StatePattern/Interfaces/IState.cs
  artifactKey: Guid(cc65a1a180e48d942be247325a48b1fd) Importer(815301076,1909f56bfc062723c751e8b465ee728b)
Start importing Assets/Scripts/StatePattern/Interfaces/IState.cs using Guid(cc65a1a180e48d942be247325a48b1fd) Importer(815301076,1909f56bfc062723c751e8b465ee728b)  -> (artifact id: 'f79567dfa383eac0318ac2fa1e84dc18') in 0.003312 seconds
  Import took 0.004411 seconds .

========================================================================
Received Import Request.
  Time since last request: 7.678888 seconds.
  path: Assets/Scripts/StatePattern/State.cs
  artifactKey: Guid(b3f124c061e48944cb8a26a95908a1c2) Importer(815301076,1909f56bfc062723c751e8b465ee728b)
Start importing Assets/Scripts/StatePattern/State.cs using Guid(b3f124c061e48944cb8a26a95908a1c2) Importer(815301076,1909f56bfc062723c751e8b465ee728b)  -> (artifact id: '86452f4c2adc5c6fb849fc53ad309d27') in 0.006277 seconds
  Import took 0.007459 seconds .

========================================================================
Received Prepare
Registering precompiled user dll's ...
Registered in 0.000753 seconds.
Begin MonoManager ReloadAssembly
Native extension for Lumin target not found
Native extension for LinuxStandalone target not found
Native extension for WindowsStandalone target not found
Native extension for OSXStandalone target not found
Native extension for WebGL target not found
Refreshing native plugins compatible for Editor in 0.13 ms, found 0 plugins.
Preloading 0 native plugins for Editor in 0.00 ms.
Invoked RoslynAnalysisRunner static constructor.
RoslynAnalysisRunner will not be running.
RoslynAnalysisRunner has terminated.
Mono: successfully reloaded assembly
- Completed reload, in  0.651 seconds
Platform modules already initialized, skipping
Refreshing native plugins compatible for Editor in 0.13 ms, found 0 plugins.
Preloading 0 native plugins for Editor in 0.00 ms.
Unloading 705 Unused Serialized files (Serialized files now loaded: 0)
System memory in use before: 45.5 MB.
System memory in use after: 45.5 MB.

Unloading 4 unused Assets to reduce memory usage. Loaded Objects now: 1167.
Total: 1.404600 ms (FindLiveObjects: 0.093000 ms CreateObjectMapping: 0.020200 ms MarkObjects: 1.275900 ms  DeleteObjects: 0.013900 ms)

========================================================================
Received Prepare
Registering precompiled user dll's ...
Registered in 0.000422 seconds.
Begin MonoManager ReloadAssembly
Native extension for Lumin target not found
Native extension for LinuxStandalone target not found
Native extension for WindowsStandalone target not found
Native extension for OSXStandalone target not found
Native extension for WebGL target not found
Refreshing native plugins compatible for Editor in 0.18 ms, found 0 plugins.
Preloading 0 native plugins for Editor in 0.00 ms.
Invoked RoslynAnalysisRunner static constructor.
RoslynAnalysisRunner will not be running.
RoslynAnalysisRunner has terminated.
Mono: successfully reloaded assembly
- Completed reload, in  0.656 seconds
Platform modules already initialized, skipping
Refreshing native plugins compatible for Editor in 0.13 ms, found 0 plugins.
Preloading 0 native plugins for Editor in 0.00 ms.
Unloading 709 Unused Serialized files (Serialized files now loaded: 0)
System memory in use before: 45.5 MB.
System memory in use after: 45.6 MB.

Unloading 4 unused Assets to reduce memory usage. Loaded Objects now: 1174.
Total: 1.432300 ms (FindLiveObjects: 0.093500 ms CreateObjectMapping: 0.020900 ms MarkObjects: 1.304900 ms  DeleteObjects: 0.012300 ms)

========================================================================
Received Import Request.
  Time since last request: 4300.289287 seconds.
  path: Assets/Scripts/StatePattern/State.cs
  artifactKey: Guid(b3f124c061e48944cb8a26a95908a1c2) Importer(815301076,1909f56bfc062723c751e8b465ee728b)
Start importing Assets/Scripts/StatePattern/State.cs using Guid(b3f124c061e48944cb8a26a95908a1c2) Importer(815301076,1909f56bfc062723c751e8b465ee728b)  -> (artifact id: 'cfb83cf45a1f0399ea8740851f248aec') in 0.006677 seconds
  Import took 0.007791 seconds .

========================================================================
Received Import Request.
  Time since last request: 4.465991 seconds.
  path: Assets/Scripts/StatePattern/Base
  artifactKey: Guid(c14a438273a5f9943b978f172511c00f) Importer(815301076,1909f56bfc062723c751e8b465ee728b)
Start importing Assets/Scripts/StatePattern/Base using Guid(c14a438273a5f9943b978f172511c00f) Importer(815301076,1909f56bfc062723c751e8b465ee728b)  -> (artifact id: '6fb5fb917b7a591da82f7b7bd6379dc7') in 0.006955 seconds
  Import took 0.008245 seconds .

========================================================================
Received Prepare
Registering precompiled user dll's ...
Registered in 0.000416 seconds.
Begin MonoManager ReloadAssembly
Native extension for Lumin target not found
Native extension for LinuxStandalone target not found
Native extension for WindowsStandalone target not found
Native extension for OSXStandalone target not found
Native extension for WebGL target not found
Refreshing native plugins compatible for Editor in 0.11 ms, found 0 plugins.
Preloading 0 native plugins for Editor in 0.00 ms.
Invoked RoslynAnalysisRunner static constructor.
RoslynAnalysisRunner will not be running.
RoslynAnalysisRunner has terminated.
Mono: successfully reloaded assembly
- Completed reload, in  0.635 seconds
Platform modules already initialized, skipping
Refreshing native plugins compatible for Editor in 0.14 ms, found 0 plugins.
Preloading 0 native plugins for Editor in 0.00 ms.
Unloading 709 Unused Serialized files (Serialized files now loaded: 0)
System memory in use before: 45.5 MB.
System memory in use after: 45.6 MB.

Unloading 4 unused Assets to reduce memory usage. Loaded Objects now: 1177.
Total: 1.414700 ms (FindLiveObjects: 0.091100 ms CreateObjectMapping: 0.019800 ms MarkObjects: 1.291600 ms  DeleteObjects: 0.011400 ms)

========================================================================
Received Prepare
Registering precompiled user dll's ...
Registered in 0.000419 seconds.
Begin MonoManager ReloadAssembly
Native extension for Lumin target not found
Native extension for LinuxStandalone target not found
Native extension for WindowsStandalone target not found
Native extension for OSXStandalone target not found
Native extension for WebGL target not found
Refreshing native plugins compatible for Editor in 0.13 ms, found 0 plugins.
Preloading 0 native plugins for Editor in 0.00 ms.
Invoked RoslynAnalysisRunner static constructor.
RoslynAnalysisRunner will not be running.
RoslynAnalysisRunner has terminated.
Mono: successfully reloaded assembly
- Completed reload, in  0.619 seconds
Platform modules already initialized, skipping
Refreshing native plugins compatible for Editor in 0.15 ms, found 0 plugins.
Preloading 0 native plugins for Editor in 0.00 ms.
Unloading 709 Unused Serialized files (Serialized files now loaded: 0)
System memory in use before: 45.6 MB.
System memory in use after: 45.6 MB.

Unloading 4 unused Assets to reduce memory usage. Loaded Objects now: 1180.
Total: 1.568200 ms (FindLiveObjects: 0.222700 ms CreateObjectMapping: 0.091800 ms MarkObjects: 1.239100 ms  DeleteObjects: 0.013400 ms)

========================================================================
Received Import Request.
  Time since last request: 18.190841 seconds.
  path: Assets/Scripts/StatePattern/GameState
  artifactKey: Guid(d0d719100139b224ba51f600eebe0a36) Importer(815301076,1909f56bfc062723c751e8b465ee728b)
Start importing Assets/Scripts/StatePattern/GameState using Guid(d0d719100139b224ba51f600eebe0a36) Importer(815301076,1909f56bfc062723c751e8b465ee728b)  -> (artifact id: 'f87e3106508c92f8f2aaaae90d43b4ea') in 0.010111 seconds
  Import took 0.011402 seconds .

========================================================================
Received Import Request.
  Time since last request: 10.544536 seconds.
  path: Assets/Scripts/StatePattern/GameFinishState.cs
  artifactKey: Guid(1e46a760cc165fe44bec6480825feaf1) Importer(815301076,1909f56bfc062723c751e8b465ee728b)
Start importing Assets/Scripts/StatePattern/GameFinishState.cs using Guid(1e46a760cc165fe44bec6480825feaf1) Importer(815301076,1909f56bfc062723c751e8b465ee728b)  -> (artifact id: '64f1b0eb8c822abbf4445143dcde1c9c') in 0.007093 seconds
  Import took 0.008223 seconds .

========================================================================
Received Import Request.
  Time since last request: 0.000460 seconds.
  path: Assets/Scripts/StatePattern/GameFinishState.cs
  artifactKey: Guid(1e46a760cc165fe44bec6480825feaf1) Importer(815301076,1909f56bfc062723c751e8b465ee728b)
Start importing Assets/Scripts/StatePattern/GameFinishState.cs using Guid(1e46a760cc165fe44bec6480825feaf1) Importer(815301076,1909f56bfc062723c751e8b465ee728b)  -> (artifact id: '64f1b0eb8c822abbf4445143dcde1c9c') in 0.002661 seconds
  Import took 0.003861 seconds .

========================================================================
Received Prepare
Registering precompiled user dll's ...
Registered in 0.000395 seconds.
Begin MonoManager ReloadAssembly
Native extension for Lumin target not found
Native extension for LinuxStandalone target not found
Native extension for WindowsStandalone target not found
Native extension for OSXStandalone target not found
Native extension for WebGL target not found
Refreshing native plugins compatible for Editor in 0.13 ms, found 0 plugins.
Preloading 0 native plugins for Editor in 0.00 ms.
Invoked RoslynAnalysisRunner static constructor.
RoslynAnalysisRunner will not be running.
RoslynAnalysisRunner has terminated.
Mono: successfully reloaded assembly
- Completed reload, in  0.648 seconds
Platform modules already initialized, skipping
Refreshing native plugins compatible for Editor in 0.18 ms, found 0 plugins.
Preloading 0 native plugins for Editor in 0.00 ms.
Unloading 709 Unused Serialized files (Serialized files now loaded: 0)
System memory in use before: 45.5 MB.
System memory in use after: 45.6 MB.

Unloading 4 unused Assets to reduce memory usage. Loaded Objects now: 1183.
Total: 1.275200 ms (FindLiveObjects: 0.091200 ms CreateObjectMapping: 0.017600 ms MarkObjects: 1.155300 ms  DeleteObjects: 0.010200 ms)

========================================================================
Received Prepare
Registering precompiled user dll's ...
Registered in 0.000406 seconds.
Begin MonoManager ReloadAssembly
Native extension for Lumin target not found
Native extension for LinuxStandalone target not found
Native extension for WindowsStandalone target not found
Native extension for OSXStandalone target not found
Native extension for WebGL target not found
Refreshing native plugins compatible for Editor in 0.13 ms, found 0 plugins.
Preloading 0 native plugins for Editor in 0.00 ms.
Invoked RoslynAnalysisRunner static constructor.
RoslynAnalysisRunner will not be running.
RoslynAnalysisRunner has terminated.
Mono: successfully reloaded assembly
- Completed reload, in  0.632 seconds
Platform modules already initialized, skipping
Refreshing native plugins compatible for Editor in 0.14 ms, found 0 plugins.
Preloading 0 native plugins for Editor in 0.00 ms.
Unloading 709 Unused Serialized files (Serialized files now loaded: 0)
System memory in use before: 45.5 MB.
System memory in use after: 45.6 MB.

Unloading 4 unused Assets to reduce memory usage. Loaded Objects now: 1186.
Total: 1.424900 ms (FindLiveObjects: 0.089600 ms CreateObjectMapping: 0.019900 ms MarkObjects: 1.300100 ms  DeleteObjects: 0.014000 ms)

========================================================================
Received Import Request.
  Time since last request: 2257.148672 seconds.
  path: Assets/Scripts/StatePattern/GameState/GameFinishState.cs
  artifactKey: Guid(1e46a760cc165fe44bec6480825feaf1) Importer(815301076,1909f56bfc062723c751e8b465ee728b)
Start importing Assets/Scripts/StatePattern/GameState/GameFinishState.cs using Guid(1e46a760cc165fe44bec6480825feaf1) Importer(815301076,1909f56bfc062723c751e8b465ee728b)  -> (artifact id: '0693c758c34f9bf27fd2fa5b15f23951') in 0.003487 seconds
  Import took 0.011090 seconds .

AssetImportWorkerClient::OnTransportError - code=2 error=End of file
